\BOOKMARK [1][-]{chapter*.2}{Abstract}{}% 1
\BOOKMARK [1][-]{chapter*.4}{LIST OF SYMBOLS AND ABBREVIATIONS}{}% 2
\BOOKMARK [0][-]{chapter.1}{Introduction}{}% 3
\BOOKMARK [1][-]{section.1.1}{ Motivation:}{chapter.1}% 4
\BOOKMARK [1][-]{section.1.2}{ Project Background:}{chapter.1}% 5
\BOOKMARK [1][-]{section.1.3}{ Necessity:}{chapter.1}% 6
\BOOKMARK [1][-]{section.1.4}{ Challenges:}{chapter.1}% 7
\BOOKMARK [0][-]{chapter.2}{Literature Survey/Related Work}{}% 8
\BOOKMARK [1][-]{section.2.1}{ The WyCash portfolio management system.}{chapter.2}% 9
\BOOKMARK [1][-]{section.2.2}{ Tracking Technical Debt.}{chapter.2}% 10
\BOOKMARK [1][-]{section.2.3}{ Technical debt and agile software development practices and processes.}{chapter.2}% 11
\BOOKMARK [1][-]{section.2.4}{ Identifying Self-Admitted Technical Debt in Open Source Projects Using Text Mining.}{chapter.2}% 12
\BOOKMARK [1][-]{section.2.5}{ Detecting Technical Debt from Issue Trackers.}{chapter.2}% 13
\BOOKMARK [0][-]{chapter.3}{Design of your work}{}% 14
\BOOKMARK [1][-]{section.3.1}{ Architecture Diagram:}{chapter.3}% 15
\BOOKMARK [0][-]{chapter.4}{Implementation of your work}{}% 16
\BOOKMARK [1][-]{section.4.1}{ Preprocessing:}{chapter.4}% 17
\BOOKMARK [1][-]{section.4.2}{ Feature Selection:}{chapter.4}% 18
\BOOKMARK [1][-]{section.4.3}{ Classification:}{chapter.4}% 19
\BOOKMARK [1][-]{section.4.4}{ Ensemble Methods:}{chapter.4}% 20
\BOOKMARK [1][-]{section.4.5}{ Results:}{chapter.4}% 21
\BOOKMARK [0][-]{chapter.5}{Modules:}{}% 22
\BOOKMARK [1][-]{section.5.1}{ Module 1:}{chapter.5}% 23
\BOOKMARK [1][-]{section.5.2}{ Module 2:}{chapter.5}% 24
\BOOKMARK [0][-]{chapter.6}{Conclusion and Future Work}{}% 25
\BOOKMARK [0][-]{section*.6}{REFERENCES}{}% 26
